This file contains any messages produced by compilers while
running configure, to aid debugging if configure makes a mistake.

It was created by adept configure 2.1.1, which was
generated by GNU Autoconf 2.69.  Invocation command line was

  $ ./configure 

## --------- ##
## Platform. ##
## --------- ##

hostname = tom-NBLK-WAX9X
uname -m = x86_64
uname -r = 5.19.0-42-generic
uname -s = Linux
uname -v = #43~22.04.1-Ubuntu SMP PREEMPT_DYNAMIC Fri Apr 21 16:51:08 UTC 2

/usr/bin/uname -p = x86_64
/bin/uname -X     = unknown

/bin/arch              = x86_64
/usr/bin/arch -k       = unknown
/usr/convex/getsysinfo = unknown
/usr/bin/hostinfo      = unknown
/bin/machine           = unknown
/usr/bin/oslevel       = unknown
/bin/universe          = unknown

PATH: /home/tom/miniconda3/bin
PATH: /home/tom/miniconda3/condabin
PATH: /usr/local/sbin
PATH: /usr/local/bin
PATH: /usr/sbin
PATH: /usr/bin
PATH: /sbin
PATH: /bin
PATH: /usr/games
PATH: /usr/local/games
PATH: /snap/bin
PATH: /snap/bin


## ----------- ##
## Core tests. ##
## ----------- ##

configure:2565: checking for a BSD-compatible install
configure:2633: result: /usr/bin/install -c
configure:2644: checking whether build environment is sane
configure:2699: result: yes
configure:2737: WARNING: 'missing' script is too old or missing
configure:2850: checking for a thread-safe mkdir -p
configure:2889: result: /usr/bin/mkdir -p
configure:2896: checking for gawk
configure:2912: found /usr/bin/gawk
configure:2923: result: gawk
configure:2934: checking whether make sets $(MAKE)
configure:2956: result: yes
configure:2985: checking whether make supports nested variables
configure:3002: result: yes
configure:3147: checking for g++
configure:3163: found /usr/bin/g++
configure:3174: result: g++
configure:3201: checking for C++ compiler version
configure:3210: g++ --version >&5
g++ (Ubuntu 11.3.0-1ubuntu1~22.04.1) 11.3.0
Copyright (C) 2021 Free Software Foundation, Inc.
This is free software; see the source for copying conditions.  There is NO
warranty; not even for MERCHANTABILITY or FITNESS FOR A PARTICULAR PURPOSE.

configure:3221: $? = 0
configure:3210: g++ -v >&5
Using built-in specs.
COLLECT_GCC=g++
COLLECT_LTO_WRAPPER=/usr/lib/gcc/x86_64-linux-gnu/11/lto-wrapper
OFFLOAD_TARGET_NAMES=nvptx-none:amdgcn-amdhsa
OFFLOAD_TARGET_DEFAULT=1
Target: x86_64-linux-gnu
Configured with: ../src/configure -v --with-pkgversion='Ubuntu 11.3.0-1ubuntu1~22.04.1' --with-bugurl=file:///usr/share/doc/gcc-11/README.Bugs --enable-languages=c,ada,c++,go,brig,d,fortran,objc,obj-c++,m2 --prefix=/usr --with-gcc-major-version-only --program-suffix=-11 --program-prefix=x86_64-linux-gnu- --enable-shared --enable-linker-build-id --libexecdir=/usr/lib --without-included-gettext --enable-threads=posix --libdir=/usr/lib --enable-nls --enable-bootstrap --enable-clocale=gnu --enable-libstdcxx-debug --enable-libstdcxx-time=yes --with-default-libstdcxx-abi=new --enable-gnu-unique-object --disable-vtable-verify --enable-plugin --enable-default-pie --with-system-zlib --enable-libphobos-checking=release --with-target-system-zlib=auto --enable-objc-gc=auto --enable-multiarch --disable-werror --enable-cet --with-arch-32=i686 --with-abi=m64 --with-multilib-list=m32,m64,mx32 --enable-multilib --with-tune=generic --enable-offload-targets=nvptx-none=/build/gcc-11-aYxV0E/gcc-11-11.3.0/debian/tmp-nvptx/usr,amdgcn-amdhsa=/build/gcc-11-aYxV0E/gcc-11-11.3.0/debian/tmp-gcn/usr --without-cuda-driver --enable-checking=release --build=x86_64-linux-gnu --host=x86_64-linux-gnu --target=x86_64-linux-gnu --with-build-config=bootstrap-lto-lean --enable-link-serialization=2
Thread model: posix
Supported LTO compression algorithms: zlib zstd
gcc version 11.3.0 (Ubuntu 11.3.0-1ubuntu1~22.04.1) 
... rest of stderr output deleted ...
configure:3221: $? = 0
configure:3210: g++ -V >&5
g++: error: unrecognized command-line option '-V'
g++: fatal error: no input files
compilation terminated.
configure:3221: $? = 1
configure:3210: g++ -qversion >&5
g++: error: unrecognized command-line option '-qversion'; did you mean '--version'?
g++: fatal error: no input files
compilation terminated.
configure:3221: $? = 1
configure:3241: checking whether the C++ compiler works
configure:3263: g++    conftest.cpp  >&5
configure:3267: $? = 0
configure:3315: result: yes
configure:3318: checking for C++ compiler default output file name
configure:3320: result: a.out
configure:3326: checking for suffix of executables
configure:3333: g++ -o conftest    conftest.cpp  >&5
configure:3337: $? = 0
configure:3359: result: 
configure:3381: checking whether we are cross compiling
configure:3389: g++ -o conftest    conftest.cpp  >&5
configure:3393: $? = 0
configure:3400: ./conftest
configure:3404: $? = 0
configure:3419: result: no
configure:3424: checking for suffix of object files
configure:3446: g++ -c   conftest.cpp >&5
configure:3450: $? = 0
configure:3471: result: o
configure:3475: checking whether we are using the GNU C++ compiler
configure:3494: g++ -c   conftest.cpp >&5
configure:3494: $? = 0
configure:3503: result: yes
configure:3512: checking whether g++ accepts -g
configure:3532: g++ -c -g  conftest.cpp >&5
configure:3532: $? = 0
configure:3573: result: yes
configure:3607: checking for style of include used by make
configure:3635: result: GNU
configure:3661: checking dependency style of g++
configure:3772: result: gcc3
configure:3840: checking for g77
configure:3870: result: no
configure:3840: checking for xlf
configure:3870: result: no
configure:3840: checking for f77
configure:3870: result: no
configure:3840: checking for frt
configure:3870: result: no
configure:3840: checking for pgf77
configure:3870: result: no
configure:3840: checking for cf77
configure:3870: result: no
configure:3840: checking for fort77
configure:3870: result: no
configure:3840: checking for fl32
configure:3870: result: no
configure:3840: checking for af77
configure:3870: result: no
configure:3840: checking for xlf90
configure:3870: result: no
configure:3840: checking for f90
configure:3870: result: no
configure:3840: checking for pgf90
configure:3870: result: no
configure:3840: checking for pghpf
configure:3870: result: no
configure:3840: checking for epcf90
configure:3870: result: no
configure:3840: checking for gfortran
configure:3870: result: no
configure:3840: checking for g95
configure:3870: result: no
configure:3840: checking for xlf95
configure:3870: result: no
configure:3840: checking for f95
configure:3870: result: no
configure:3840: checking for fort
configure:3870: result: no
configure:3840: checking for ifort
configure:3870: result: no
configure:3840: checking for ifc
configure:3870: result: no
configure:3840: checking for efc
configure:3870: result: no
configure:3840: checking for pgfortran
configure:3870: result: no
configure:3840: checking for pgf95
configure:3870: result: no
configure:3840: checking for lf95
configure:3870: result: no
configure:3840: checking for ftn
configure:3870: result: no
configure:3840: checking for nagfor
configure:3870: result: no
configure:3893: checking for Fortran 77 compiler version
configure:3902:  --version >&5
./configure: line 3904: --version: command not found
configure:3913: $? = 127
configure:3902:  -v >&5
./configure: line 3904: -v: command not found
configure:3913: $? = 127
configure:3902:  -V >&5
./configure: line 3904: -V: command not found
configure:3913: $? = 127
configure:3902:  -qversion >&5
./configure: line 3904: -qversion: command not found
configure:3913: $? = 127
configure:3922: checking whether we are using the GNU Fortran 77 compiler
configure:3935:  -c  conftest.F >&5
./configure: line 1588: -c: command not found
configure:3935: $? = 127
configure: failed program was:
|       program main
| #ifndef __GNUC__
|        choke me
| #endif
| 
|       end
configure:3944: result: no
configure:3950: checking whether  accepts -g
configure:3961:  -c -g conftest.f >&5
./configure: line 1588: -c: command not found
configure:3961: $? = 127
configure: failed program was:
|       program main
| 
|       end
configure:3969: result: no
configure:3998: checking whether make sets $(MAKE)
configure:4020: result: yes
configure:4079: checking for ar
configure:4095: found /usr/bin/ar
configure:4106: result: ar
configure:4132: checking the archiver (ar) interface
configure:4142: g++ -c -g -O2  conftest.cpp >&5
configure:4142: $? = 0
configure:4144: ar cru libconftest.a conftest.o >&5
ar: `u' modifier ignored since `D' is the default (see `U')
configure:4147: $? = 0
configure:4170: result: ar
configure:4219: checking build system type
configure:4233: result: x86_64-unknown-linux-gnu
configure:4253: checking host system type
configure:4266: result: x86_64-unknown-linux-gnu
configure:4307: checking how to print strings
configure:4334: result: printf
configure:4403: checking for gcc
configure:4419: found /usr/bin/gcc
configure:4430: result: gcc
configure:4659: checking for C compiler version
configure:4668: gcc --version >&5
gcc (Ubuntu 11.3.0-1ubuntu1~22.04.1) 11.3.0
Copyright (C) 2021 Free Software Foundation, Inc.
This is free software; see the source for copying conditions.  There is NO
warranty; not even for MERCHANTABILITY or FITNESS FOR A PARTICULAR PURPOSE.

configure:4679: $? = 0
configure:4668: gcc -v >&5
Using built-in specs.
COLLECT_GCC=gcc
COLLECT_LTO_WRAPPER=/usr/lib/gcc/x86_64-linux-gnu/11/lto-wrapper
OFFLOAD_TARGET_NAMES=nvptx-none:amdgcn-amdhsa
OFFLOAD_TARGET_DEFAULT=1
Target: x86_64-linux-gnu
Configured with: ../src/configure -v --with-pkgversion='Ubuntu 11.3.0-1ubuntu1~22.04.1' --with-bugurl=file:///usr/share/doc/gcc-11/README.Bugs --enable-languages=c,ada,c++,go,brig,d,fortran,objc,obj-c++,m2 --prefix=/usr --with-gcc-major-version-only --program-suffix=-11 --program-prefix=x86_64-linux-gnu- --enable-shared --enable-linker-build-id --libexecdir=/usr/lib --without-included-gettext --enable-threads=posix --libdir=/usr/lib --enable-nls --enable-bootstrap --enable-clocale=gnu --enable-libstdcxx-debug --enable-libstdcxx-time=yes --with-default-libstdcxx-abi=new --enable-gnu-unique-object --disable-vtable-verify --enable-plugin --enable-default-pie --with-system-zlib --enable-libphobos-checking=release --with-target-system-zlib=auto --enable-objc-gc=auto --enable-multiarch --disable-werror --enable-cet --with-arch-32=i686 --with-abi=m64 --with-multilib-list=m32,m64,mx32 --enable-multilib --with-tune=generic --enable-offload-targets=nvptx-none=/build/gcc-11-aYxV0E/gcc-11-11.3.0/debian/tmp-nvptx/usr,amdgcn-amdhsa=/build/gcc-11-aYxV0E/gcc-11-11.3.0/debian/tmp-gcn/usr --without-cuda-driver --enable-checking=release --build=x86_64-linux-gnu --host=x86_64-linux-gnu --target=x86_64-linux-gnu --with-build-config=bootstrap-lto-lean --enable-link-serialization=2
Thread model: posix
Supported LTO compression algorithms: zlib zstd
gcc version 11.3.0 (Ubuntu 11.3.0-1ubuntu1~22.04.1) 
... rest of stderr output deleted ...
configure:4679: $? = 0
configure:4668: gcc -V >&5
gcc: error: unrecognized command-line option '-V'
gcc: fatal error: no input files
compilation terminated.
configure:4679: $? = 1
configure:4668: gcc -qversion >&5
gcc: error: unrecognized command-line option '-qversion'; did you mean '--version'?
gcc: fatal error: no input files
compilation terminated.
configure:4679: $? = 1
configure:4683: checking whether we are using the GNU C compiler
configure:4702: gcc -c   conftest.c >&5
configure:4702: $? = 0
configure:4711: result: yes
configure:4720: checking whether gcc accepts -g
configure:4740: gcc -c -g  conftest.c >&5
configure:4740: $? = 0
configure:4781: result: yes
configure:4798: checking for gcc option to accept ISO C89
configure:4861: gcc  -c -g -O2  conftest.c >&5
configure:4861: $? = 0
configure:4874: result: none needed
configure:4896: checking dependency style of gcc
configure:5007: result: gcc3
configure:5022: checking for a sed that does not truncate output
configure:5086: result: /usr/bin/sed
configure:5104: checking for grep that handles long lines and -e
configure:5162: result: /usr/bin/grep
configure:5167: checking for egrep
configure:5229: result: /usr/bin/grep -E
configure:5234: checking for fgrep
configure:5296: result: /usr/bin/grep -F
configure:5331: checking for ld used by gcc
configure:5398: result: /usr/bin/ld
configure:5405: checking if the linker (/usr/bin/ld) is GNU ld
configure:5420: result: yes
configure:5432: checking for BSD- or MS-compatible name lister (nm)
configure:5481: result: /usr/bin/nm -B
configure:5611: checking the name lister (/usr/bin/nm -B) interface
configure:5618: g++ -c -g -O2  conftest.cpp >&5
configure:5621: /usr/bin/nm -B "conftest.o"
configure:5624: output
0000000000000000 B some_variable
configure:5631: result: BSD nm
configure:5634: checking whether ln -s works
configure:5638: result: yes
configure:5646: checking the maximum length of command line arguments
configure:5776: result: 1572864
configure:5793: checking whether the shell understands some XSI constructs
configure:5803: result: yes
configure:5807: checking whether the shell understands "+="
configure:5813: result: yes
configure:5848: checking how to convert x86_64-unknown-linux-gnu file names to x86_64-unknown-linux-gnu format
configure:5888: result: func_convert_file_noop
configure:5895: checking how to convert x86_64-unknown-linux-gnu file names to toolchain format
configure:5915: result: func_convert_file_noop
configure:5922: checking for /usr/bin/ld option to reload object files
configure:5929: result: -r
configure:6003: checking for objdump
configure:6019: found /usr/bin/objdump
configure:6030: result: objdump
configure:6062: checking how to recognize dependent libraries
configure:6264: result: pass_all
configure:6349: checking for dlltool
configure:6379: result: no
configure:6409: checking how to associate runtime and link libraries
configure:6436: result: printf %s\n
configure:6560: checking for archiver @FILE support
configure:6577: g++ -c -g -O2  conftest.cpp >&5
configure:6577: $? = 0
configure:6580: ar cru libconftest.a @conftest.lst >&5
ar: `u' modifier ignored since `D' is the default (see `U')
configure:6583: $? = 0
configure:6588: ar cru libconftest.a @conftest.lst >&5
ar: `u' modifier ignored since `D' is the default (see `U')
ar: conftest.o: No such file or directory
configure:6591: $? = 1
configure:6603: result: @
configure:6661: checking for strip
configure:6677: found /usr/bin/strip
configure:6688: result: strip
configure:6760: checking for ranlib
configure:6776: found /usr/bin/ranlib
configure:6787: result: ranlib
configure:6889: checking command to parse /usr/bin/nm -B output from gcc object
configure:7009: g++ -c -g -O2  conftest.cpp >&5
configure:7012: $? = 0
configure:7016: /usr/bin/nm -B conftest.o \| sed -n -e 's/^.*[ ]\([ABCDGIRSTW][ABCDGIRSTW]*\)[ ][ ]*\([_A-Za-z][_A-Za-z0-9]*\)$/\1 \2 \2/p' | sed '/ __gnu_lto/d' \> conftest.nm
configure:7019: $? = 0
configure:7085: g++ -o conftest -g -O2   conftest.cpp conftstm.o >&5
configure:7088: $? = 0
configure:7126: result: ok
configure:7163: checking for sysroot
configure:7193: result: no
configure:7271: g++ -c -g -O2  conftest.cpp >&5
configure:7274: $? = 0
configure:7456: checking for mt
configure:7472: found /usr/bin/mt
configure:7483: result: mt
configure:7506: checking if mt is a manifest tool
configure:7512: mt '-?'
configure:7520: result: no
configure:8162: checking how to run the C preprocessor
configure:8193: gcc -E  conftest.c
configure:8193: $? = 0
configure:8207: gcc -E  conftest.c
conftest.c:11:10: fatal error: ac_nonexistent.h: No such file or directory
   11 | #include <ac_nonexistent.h>
      |          ^~~~~~~~~~~~~~~~~~
compilation terminated.
configure:8207: $? = 1
configure: failed program was:
| /* confdefs.h */
| #define PACKAGE_NAME "adept"
| #define PACKAGE_TARNAME "adept"
| #define PACKAGE_VERSION "2.1.1"
| #define PACKAGE_STRING "adept 2.1.1"
| #define PACKAGE_BUGREPORT "r.j.hogan@ecmwf.int"
| #define PACKAGE_URL "http://www.met.reading.ac.uk/clouds/adept/"
| #define PACKAGE "adept"
| #define VERSION "2.1.1"
| /* end confdefs.h.  */
| #include <ac_nonexistent.h>
configure:8232: result: gcc -E
configure:8252: gcc -E  conftest.c
configure:8252: $? = 0
configure:8266: gcc -E  conftest.c
conftest.c:11:10: fatal error: ac_nonexistent.h: No such file or directory
   11 | #include <ac_nonexistent.h>
      |          ^~~~~~~~~~~~~~~~~~
compilation terminated.
configure:8266: $? = 1
configure: failed program was:
| /* confdefs.h */
| #define PACKAGE_NAME "adept"
| #define PACKAGE_TARNAME "adept"
| #define PACKAGE_VERSION "2.1.1"
| #define PACKAGE_STRING "adept 2.1.1"
| #define PACKAGE_BUGREPORT "r.j.hogan@ecmwf.int"
| #define PACKAGE_URL "http://www.met.reading.ac.uk/clouds/adept/"
| #define PACKAGE "adept"
| #define VERSION "2.1.1"
| /* end confdefs.h.  */
| #include <ac_nonexistent.h>
configure:8295: checking for ANSI C header files
configure:8315: gcc -c -g -O2  conftest.c >&5
configure:8315: $? = 0
configure:8388: gcc -o conftest -g -O2   conftest.c  >&5
configure:8388: $? = 0
configure:8388: ./conftest
configure:8388: $? = 0
configure:8399: result: yes
configure:8412: checking for sys/types.h
configure:8412: gcc -c -g -O2  conftest.c >&5
configure:8412: $? = 0
configure:8412: result: yes
configure:8412: checking for sys/stat.h
configure:8412: gcc -c -g -O2  conftest.c >&5
configure:8412: $? = 0
configure:8412: result: yes
configure:8412: checking for stdlib.h
configure:8412: gcc -c -g -O2  conftest.c >&5
configure:8412: $? = 0
configure:8412: result: yes
configure:8412: checking for string.h
configure:8412: gcc -c -g -O2  conftest.c >&5
configure:8412: $? = 0
configure:8412: result: yes
configure:8412: checking for memory.h
configure:8412: gcc -c -g -O2  conftest.c >&5
configure:8412: $? = 0
configure:8412: result: yes
configure:8412: checking for strings.h
configure:8412: gcc -c -g -O2  conftest.c >&5
configure:8412: $? = 0
configure:8412: result: yes
configure:8412: checking for inttypes.h
configure:8412: gcc -c -g -O2  conftest.c >&5
configure:8412: $? = 0
configure:8412: result: yes
configure:8412: checking for stdint.h
configure:8412: gcc -c -g -O2  conftest.c >&5
configure:8412: $? = 0
configure:8412: result: yes
configure:8412: checking for unistd.h
configure:8412: gcc -c -g -O2  conftest.c >&5
configure:8412: $? = 0
configure:8412: result: yes
configure:8426: checking for dlfcn.h
configure:8426: gcc -c -g -O2  conftest.c >&5
configure:8426: $? = 0
configure:8426: result: yes
configure:8643: checking for objdir
configure:8658: result: .libs
configure:8929: checking if gcc supports -fno-rtti -fno-exceptions
configure:8947: gcc -c -g -O2  -fno-rtti -fno-exceptions conftest.c >&5
cc1: warning: command-line option '-fno-rtti' is valid for C++/D/ObjC++ but not for C
configure:8951: $? = 0
configure:8964: result: no
configure:9291: checking for gcc option to produce PIC
configure:9298: result: -fPIC -DPIC
configure:9306: checking if gcc PIC flag -fPIC -DPIC works
configure:9324: gcc -c -g -O2  -fPIC -DPIC -DPIC conftest.c >&5
configure:9328: $? = 0
configure:9341: result: yes
configure:9370: checking if gcc static flag -static works
configure:9398: result: yes
configure:9413: checking if gcc supports -c -o file.o
configure:9434: gcc -c -g -O2  -o out/conftest2.o conftest.c >&5
configure:9438: $? = 0
configure:9460: result: yes
configure:9468: checking if gcc supports -c -o file.o
configure:9515: result: yes
configure:9548: checking whether the gcc linker (/usr/bin/ld -m elf_x86_64) supports shared libraries
configure:10701: result: yes
configure:10738: checking whether -lc should be explicitly linked in
configure:10746: gcc -c -g -O2  conftest.c >&5
configure:10749: $? = 0
configure:10764: gcc -shared  -fPIC -DPIC conftest.o  -v -Wl,-soname -Wl,conftest -o conftest 2\>\&1 \| /usr/bin/grep  -lc  \>/dev/null 2\>\&1
configure:10767: $? = 0
configure:10781: result: no
configure:10941: checking dynamic linker characteristics
configure:11452: gcc -o conftest -g -O2   -Wl,-rpath -Wl,/foo conftest.c  >&5
configure:11452: $? = 0
configure:11674: result: GNU/Linux ld.so
configure:11781: checking how to hardcode library paths into programs
configure:11806: result: immediate
configure:12346: checking whether stripping libraries is possible
configure:12351: result: yes
configure:12386: checking if libtool supports shared libraries
configure:12388: result: yes
configure:12391: checking whether to build shared libraries
configure:12412: result: yes
configure:12415: checking whether to build static libraries
configure:12419: result: yes
configure:12442: checking how to run the C++ preprocessor
configure:12469: g++ -E  conftest.cpp
configure:12469: $? = 0
configure:12483: g++ -E  conftest.cpp
conftest.cpp:23:10: fatal error: ac_nonexistent.h: No such file or directory
   23 | #include <ac_nonexistent.h>
      |          ^~~~~~~~~~~~~~~~~~
compilation terminated.
configure:12483: $? = 1
configure: failed program was:
| /* confdefs.h */
| #define PACKAGE_NAME "adept"
| #define PACKAGE_TARNAME "adept"
| #define PACKAGE_VERSION "2.1.1"
| #define PACKAGE_STRING "adept 2.1.1"
| #define PACKAGE_BUGREPORT "r.j.hogan@ecmwf.int"
| #define PACKAGE_URL "http://www.met.reading.ac.uk/clouds/adept/"
| #define PACKAGE "adept"
| #define VERSION "2.1.1"
| #define STDC_HEADERS 1
| #define HAVE_SYS_TYPES_H 1
| #define HAVE_SYS_STAT_H 1
| #define HAVE_STDLIB_H 1
| #define HAVE_STRING_H 1
| #define HAVE_MEMORY_H 1
| #define HAVE_STRINGS_H 1
| #define HAVE_INTTYPES_H 1
| #define HAVE_STDINT_H 1
| #define HAVE_UNISTD_H 1
| #define HAVE_DLFCN_H 1
| #define LT_OBJDIR ".libs/"
| /* end confdefs.h.  */
| #include <ac_nonexistent.h>
configure:12508: result: g++ -E
configure:12528: g++ -E  conftest.cpp
configure:12528: $? = 0
configure:12542: g++ -E  conftest.cpp
conftest.cpp:23:10: fatal error: ac_nonexistent.h: No such file or directory
   23 | #include <ac_nonexistent.h>
      |          ^~~~~~~~~~~~~~~~~~
compilation terminated.
configure:12542: $? = 1
configure: failed program was:
| /* confdefs.h */
| #define PACKAGE_NAME "adept"
| #define PACKAGE_TARNAME "adept"
| #define PACKAGE_VERSION "2.1.1"
| #define PACKAGE_STRING "adept 2.1.1"
| #define PACKAGE_BUGREPORT "r.j.hogan@ecmwf.int"
| #define PACKAGE_URL "http://www.met.reading.ac.uk/clouds/adept/"
| #define PACKAGE "adept"
| #define VERSION "2.1.1"
| #define STDC_HEADERS 1
| #define HAVE_SYS_TYPES_H 1
| #define HAVE_SYS_STAT_H 1
| #define HAVE_STDLIB_H 1
| #define HAVE_STRING_H 1
| #define HAVE_MEMORY_H 1
| #define HAVE_STRINGS_H 1
| #define HAVE_INTTYPES_H 1
| #define HAVE_STDINT_H 1
| #define HAVE_UNISTD_H 1
| #define HAVE_DLFCN_H 1
| #define LT_OBJDIR ".libs/"
| /* end confdefs.h.  */
| #include <ac_nonexistent.h>
configure:12711: checking for ld used by g++
configure:12778: result: /usr/bin/ld -m elf_x86_64
configure:12785: checking if the linker (/usr/bin/ld -m elf_x86_64) is GNU ld
configure:12800: result: yes
configure:12855: checking whether the g++ linker (/usr/bin/ld -m elf_x86_64) supports shared libraries
configure:13860: result: yes
configure:13896: g++ -c -g -O2  conftest.cpp >&5
configure:13899: $? = 0
configure:14419: checking for g++ option to produce PIC
configure:14426: result: -fPIC -DPIC
configure:14434: checking if g++ PIC flag -fPIC -DPIC works
configure:14452: g++ -c -g -O2  -fPIC -DPIC -DPIC conftest.cpp >&5
configure:14456: $? = 0
configure:14469: result: yes
configure:14492: checking if g++ static flag -static works
configure:14520: result: yes
configure:14532: checking if g++ supports -c -o file.o
configure:14553: g++ -c -g -O2  -o out/conftest2.o conftest.cpp >&5
configure:14557: $? = 0
configure:14579: result: yes
configure:14584: checking if g++ supports -c -o file.o
configure:14631: result: yes
configure:14661: checking whether the g++ linker (/usr/bin/ld -m elf_x86_64) supports shared libraries
configure:14697: result: yes
configure:14838: checking dynamic linker characteristics
configure:15505: result: GNU/Linux ld.so
configure:15558: checking how to hardcode library paths into programs
configure:15583: result: immediate
configure:18366: checking sys/time.h usability
configure:18366: g++ -c -g -O2  conftest.cpp >&5
configure:18366: $? = 0
configure:18366: result: yes
configure:18366: checking sys/time.h presence
configure:18366: g++ -E  conftest.cpp
configure:18366: $? = 0
configure:18366: result: yes
configure:18366: checking for sys/time.h
configure:18366: result: yes
configure:18379: checking for gettimeofday
configure:18379: g++ -o conftest -g -O2   conftest.cpp  >&5
configure:18379: $? = 0
configure:18379: result: yes
configure:18379: checking for pow
configure:18379: g++ -o conftest -g -O2   conftest.cpp  >&5
conftest.cpp:48:6: warning: declaration of 'char pow()' conflicts with built-in declaration 'double pow(double, double)' [-Wbuiltin-declaration-mismatch]
   48 | char pow ();
      |      ^~~
configure:18379: $? = 0
configure:18379: result: yes
configure:18379: checking for sqrt
configure:18379: g++ -o conftest -g -O2   conftest.cpp  >&5
conftest.cpp:49:6: warning: declaration of 'char sqrt()' conflicts with built-in declaration 'double sqrt(double)' [-Wbuiltin-declaration-mismatch]
   49 | char sqrt ();
      |      ^~~~
configure:18379: $? = 0
configure:18379: result: yes
configure:18398: checking for g++ option to support OpenMP
configure:18413: g++ -o conftest -g -O2   conftest.cpp  >&5
conftest.cpp:29:2: error: 'choke' does not name a type
   29 |  choke me
      |  ^~~~~
In file included from conftest.cpp:31:
/usr/lib/gcc/x86_64-linux-gnu/11/include/omp.h:45:3: error: 'omp_lock_t' does not name a type
   45 | } omp_lock_t;
      |   ^~~~~~~~~~
/usr/lib/gcc/x86_64-linux-gnu/11/include/omp.h:213:13: error: variable or field 'omp_init_lock' declared void
  213 | extern void omp_init_lock (omp_lock_t *) __GOMP_NOTHROW;
      |             ^~~~~~~~~~~~~
/usr/lib/gcc/x86_64-linux-gnu/11/include/omp.h:213:28: error: 'omp_lock_t' was not declared in this scope
  213 | extern void omp_init_lock (omp_lock_t *) __GOMP_NOTHROW;
      |                            ^~~~~~~~~~
/usr/lib/gcc/x86_64-linux-gnu/11/include/omp.h:213:40: error: expected primary-expression before ')' token
  213 | extern void omp_init_lock (omp_lock_t *) __GOMP_NOTHROW;
      |                                        ^
/usr/lib/gcc/x86_64-linux-gnu/11/include/omp.h:214:13: error: variable or field 'omp_init_lock_with_hint' declared void
  214 | extern void omp_init_lock_with_hint (omp_lock_t *, omp_sync_hint_t)
      |             ^~~~~~~~~~~~~~~~~~~~~~~
/usr/lib/gcc/x86_64-linux-gnu/11/include/omp.h:214:38: error: 'omp_lock_t' was not declared in this scope
  214 | extern void omp_init_lock_with_hint (omp_lock_t *, omp_sync_hint_t)
      |                                      ^~~~~~~~~~
/usr/lib/gcc/x86_64-linux-gnu/11/include/omp.h:214:50: error: expected primary-expression before ',' token
  214 | extern void omp_init_lock_with_hint (omp_lock_t *, omp_sync_hint_t)
      |                                                  ^
/usr/lib/gcc/x86_64-linux-gnu/11/include/omp.h:214:67: error: expected primary-expression before ')' token
  214 | extern void omp_init_lock_with_hint (omp_lock_t *, omp_sync_hint_t)
      |                                                                   ^
/usr/lib/gcc/x86_64-linux-gnu/11/include/omp.h:216:13: error: variable or field 'omp_destroy_lock' declared void
  216 | extern void omp_destroy_lock (omp_lock_t *) __GOMP_NOTHROW;
      |             ^~~~~~~~~~~~~~~~
/usr/lib/gcc/x86_64-linux-gnu/11/include/omp.h:216:31: error: 'omp_lock_t' was not declared in this scope
  216 | extern void omp_destroy_lock (omp_lock_t *) __GOMP_NOTHROW;
      |                               ^~~~~~~~~~
/usr/lib/gcc/x86_64-linux-gnu/11/include/omp.h:216:43: error: expected primary-expression before ')' token
  216 | extern void omp_destroy_lock (omp_lock_t *) __GOMP_NOTHROW;
      |                                           ^
/usr/lib/gcc/x86_64-linux-gnu/11/include/omp.h:217:13: error: variable or field 'omp_set_lock' declared void
  217 | extern void omp_set_lock (omp_lock_t *) __GOMP_NOTHROW;
      |             ^~~~~~~~~~~~
/usr/lib/gcc/x86_64-linux-gnu/11/include/omp.h:217:27: error: 'omp_lock_t' was not declared in this scope
  217 | extern void omp_set_lock (omp_lock_t *) __GOMP_NOTHROW;
      |                           ^~~~~~~~~~
/usr/lib/gcc/x86_64-linux-gnu/11/include/omp.h:217:39: error: expected primary-expression before ')' token
  217 | extern void omp_set_lock (omp_lock_t *) __GOMP_NOTHROW;
      |                                       ^
/usr/lib/gcc/x86_64-linux-gnu/11/include/omp.h:218:13: error: variable or field 'omp_unset_lock' declared void
  218 | extern void omp_unset_lock (omp_lock_t *) __GOMP_NOTHROW;
      |             ^~~~~~~~~~~~~~
/usr/lib/gcc/x86_64-linux-gnu/11/include/omp.h:218:29: error: 'omp_lock_t' was not declared in this scope
  218 | extern void omp_unset_lock (omp_lock_t *) __GOMP_NOTHROW;
      |                             ^~~~~~~~~~
/usr/lib/gcc/x86_64-linux-gnu/11/include/omp.h:218:41: error: expected primary-expression before ')' token
  218 | extern void omp_unset_lock (omp_lock_t *) __GOMP_NOTHROW;
      |                                         ^
/usr/lib/gcc/x86_64-linux-gnu/11/include/omp.h:219:27: error: 'omp_lock_t' was not declared in this scope
  219 | extern int omp_test_lock (omp_lock_t *) __GOMP_NOTHROW;
      |                           ^~~~~~~~~~
/usr/lib/gcc/x86_64-linux-gnu/11/include/omp.h:219:39: error: expected primary-expression before ')' token
  219 | extern int omp_test_lock (omp_lock_t *) __GOMP_NOTHROW;
      |                                       ^
configure:18413: $? = 1
configure: failed program was:
| /* confdefs.h */
| #define PACKAGE_NAME "adept"
| #define PACKAGE_TARNAME "adept"
| #define PACKAGE_VERSION "2.1.1"
| #define PACKAGE_STRING "adept 2.1.1"
| #define PACKAGE_BUGREPORT "r.j.hogan@ecmwf.int"
| #define PACKAGE_URL "http://www.met.reading.ac.uk/clouds/adept/"
| #define PACKAGE "adept"
| #define VERSION "2.1.1"
| #define STDC_HEADERS 1
| #define HAVE_SYS_TYPES_H 1
| #define HAVE_SYS_STAT_H 1
| #define HAVE_STDLIB_H 1
| #define HAVE_STRING_H 1
| #define HAVE_MEMORY_H 1
| #define HAVE_STRINGS_H 1
| #define HAVE_INTTYPES_H 1
| #define HAVE_STDINT_H 1
| #define HAVE_UNISTD_H 1
| #define HAVE_DLFCN_H 1
| #define LT_OBJDIR ".libs/"
| #define HAVE_SYS_TIME_H 1
| #define HAVE_GETTIMEOFDAY 1
| #define HAVE_POW 1
| #define HAVE_SQRT 1
| /* end confdefs.h.  */
| 
| #ifndef _OPENMP
|  choke me
| #endif
| #include <omp.h>
| int main () { return omp_get_num_threads (); }
| 
configure:18431: g++ -o conftest -g -O2 -fopenmp   conftest.cpp  >&5
configure:18431: $? = 0
configure:18445: result: -fopenmp
configure:18463: Not checking for BLAS and LAPACK because no Fortran compiler found
configure:20635: checking for gsl_multimin_fdfminimizer_alloc in -lgsl
configure:20668: g++ -o conftest -g -O2   conftest.cpp -lgsl     >&5
/usr/bin/ld: cannot find -lgsl: No such file or directory
collect2: error: ld returned 1 exit status
configure:20668: $? = 1
configure: failed program was:
| /* confdefs.h */
| #define PACKAGE_NAME "adept"
| #define PACKAGE_TARNAME "adept"
| #define PACKAGE_VERSION "2.1.1"
| #define PACKAGE_STRING "adept 2.1.1"
| #define PACKAGE_BUGREPORT "r.j.hogan@ecmwf.int"
| #define PACKAGE_URL "http://www.met.reading.ac.uk/clouds/adept/"
| #define PACKAGE "adept"
| #define VERSION "2.1.1"
| #define STDC_HEADERS 1
| #define HAVE_SYS_TYPES_H 1
| #define HAVE_SYS_STAT_H 1
| #define HAVE_STDLIB_H 1
| #define HAVE_STRING_H 1
| #define HAVE_MEMORY_H 1
| #define HAVE_STRINGS_H 1
| #define HAVE_INTTYPES_H 1
| #define HAVE_STDINT_H 1
| #define HAVE_UNISTD_H 1
| #define HAVE_DLFCN_H 1
| #define LT_OBJDIR ".libs/"
| #define HAVE_SYS_TIME_H 1
| #define HAVE_GETTIMEOFDAY 1
| #define HAVE_POW 1
| #define HAVE_SQRT 1
| /* end confdefs.h.  */
| 
| /* Override any GCC internal prototype to avoid an error.
|    Use char because int might match the return type of a GCC
|    builtin and then its argument prototype would still apply.  */
| #ifdef __cplusplus
| extern "C"
| #endif
| char gsl_multimin_fdfminimizer_alloc ();
| #ifdef F77_DUMMY_MAIN
| 
| #  ifdef __cplusplus
|      extern "C"
| #  endif
|    int F77_DUMMY_MAIN() { return 1; }
| 
| #endif
| int
| main ()
| {
| return gsl_multimin_fdfminimizer_alloc ();
|   ;
|   return 0;
| }
configure:20677: result: no
configure:20690: checking adolc/adolc.h usability
configure:20690: g++ -c -g -O2  conftest.cpp >&5
conftest.cpp:60:10: fatal error: adolc/adolc.h: No such file or directory
   60 | #include <adolc/adolc.h>
      |          ^~~~~~~~~~~~~~~
compilation terminated.
configure:20690: $? = 1
configure: failed program was:
| /* confdefs.h */
| #define PACKAGE_NAME "adept"
| #define PACKAGE_TARNAME "adept"
| #define PACKAGE_VERSION "2.1.1"
| #define PACKAGE_STRING "adept 2.1.1"
| #define PACKAGE_BUGREPORT "r.j.hogan@ecmwf.int"
| #define PACKAGE_URL "http://www.met.reading.ac.uk/clouds/adept/"
| #define PACKAGE "adept"
| #define VERSION "2.1.1"
| #define STDC_HEADERS 1
| #define HAVE_SYS_TYPES_H 1
| #define HAVE_SYS_STAT_H 1
| #define HAVE_STDLIB_H 1
| #define HAVE_STRING_H 1
| #define HAVE_MEMORY_H 1
| #define HAVE_STRINGS_H 1
| #define HAVE_INTTYPES_H 1
| #define HAVE_STDINT_H 1
| #define HAVE_UNISTD_H 1
| #define HAVE_DLFCN_H 1
| #define LT_OBJDIR ".libs/"
| #define HAVE_SYS_TIME_H 1
| #define HAVE_GETTIMEOFDAY 1
| #define HAVE_POW 1
| #define HAVE_SQRT 1
| /* end confdefs.h.  */
| #include <stdio.h>
| #ifdef HAVE_SYS_TYPES_H
| # include <sys/types.h>
| #endif
| #ifdef HAVE_SYS_STAT_H
| # include <sys/stat.h>
| #endif
| #ifdef STDC_HEADERS
| # include <stdlib.h>
| # include <stddef.h>
| #else
| # ifdef HAVE_STDLIB_H
| #  include <stdlib.h>
| # endif
| #endif
| #ifdef HAVE_STRING_H
| # if !defined STDC_HEADERS && defined HAVE_MEMORY_H
| #  include <memory.h>
| # endif
| # include <string.h>
| #endif
| #ifdef HAVE_STRINGS_H
| # include <strings.h>
| #endif
| #ifdef HAVE_INTTYPES_H
| # include <inttypes.h>
| #endif
| #ifdef HAVE_STDINT_H
| # include <stdint.h>
| #endif
| #ifdef HAVE_UNISTD_H
| # include <unistd.h>
| #endif
| #include <adolc/adolc.h>
configure:20690: result: no
configure:20690: checking adolc/adolc.h presence
configure:20690: g++ -E  conftest.cpp
conftest.cpp:27:10: fatal error: adolc/adolc.h: No such file or directory
   27 | #include <adolc/adolc.h>
      |          ^~~~~~~~~~~~~~~
compilation terminated.
configure:20690: $? = 1
configure: failed program was:
| /* confdefs.h */
| #define PACKAGE_NAME "adept"
| #define PACKAGE_TARNAME "adept"
| #define PACKAGE_VERSION "2.1.1"
| #define PACKAGE_STRING "adept 2.1.1"
| #define PACKAGE_BUGREPORT "r.j.hogan@ecmwf.int"
| #define PACKAGE_URL "http://www.met.reading.ac.uk/clouds/adept/"
| #define PACKAGE "adept"
| #define VERSION "2.1.1"
| #define STDC_HEADERS 1
| #define HAVE_SYS_TYPES_H 1
| #define HAVE_SYS_STAT_H 1
| #define HAVE_STDLIB_H 1
| #define HAVE_STRING_H 1
| #define HAVE_MEMORY_H 1
| #define HAVE_STRINGS_H 1
| #define HAVE_INTTYPES_H 1
| #define HAVE_STDINT_H 1
| #define HAVE_UNISTD_H 1
| #define HAVE_DLFCN_H 1
| #define LT_OBJDIR ".libs/"
| #define HAVE_SYS_TIME_H 1
| #define HAVE_GETTIMEOFDAY 1
| #define HAVE_POW 1
| #define HAVE_SQRT 1
| /* end confdefs.h.  */
| #include <adolc/adolc.h>
configure:20690: result: no
configure:20690: checking for adolc/adolc.h
configure:20690: result: no
configure:20700: checking for tapestats in -ladolc
configure:20733: g++ -o conftest -g -O2   conftest.cpp -ladolc     >&5
/usr/bin/ld: cannot find -ladolc: No such file or directory
collect2: error: ld returned 1 exit status
configure:20733: $? = 1
configure: failed program was:
| /* confdefs.h */
| #define PACKAGE_NAME "adept"
| #define PACKAGE_TARNAME "adept"
| #define PACKAGE_VERSION "2.1.1"
| #define PACKAGE_STRING "adept 2.1.1"
| #define PACKAGE_BUGREPORT "r.j.hogan@ecmwf.int"
| #define PACKAGE_URL "http://www.met.reading.ac.uk/clouds/adept/"
| #define PACKAGE "adept"
| #define VERSION "2.1.1"
| #define STDC_HEADERS 1
| #define HAVE_SYS_TYPES_H 1
| #define HAVE_SYS_STAT_H 1
| #define HAVE_STDLIB_H 1
| #define HAVE_STRING_H 1
| #define HAVE_MEMORY_H 1
| #define HAVE_STRINGS_H 1
| #define HAVE_INTTYPES_H 1
| #define HAVE_STDINT_H 1
| #define HAVE_UNISTD_H 1
| #define HAVE_DLFCN_H 1
| #define LT_OBJDIR ".libs/"
| #define HAVE_SYS_TIME_H 1
| #define HAVE_GETTIMEOFDAY 1
| #define HAVE_POW 1
| #define HAVE_SQRT 1
| /* end confdefs.h.  */
| 
| /* Override any GCC internal prototype to avoid an error.
|    Use char because int might match the return type of a GCC
|    builtin and then its argument prototype would still apply.  */
| #ifdef __cplusplus
| extern "C"
| #endif
| char tapestats ();
| #ifdef F77_DUMMY_MAIN
| 
| #  ifdef __cplusplus
|      extern "C"
| #  endif
|    int F77_DUMMY_MAIN() { return 1; }
| 
| #endif
| int
| main ()
| {
| return tapestats ();
|   ;
|   return 0;
| }
configure:20742: result: no
configure:20758: checking whether Sacado is installed
configure:20779: g++ -o conftest -g -O2   conftest.cpp    -lsacado -lteuchos >&5
conftest.cpp:27:10: fatal error: Sacado.hpp: No such file or directory
   27 | #include <Sacado.hpp>
      |          ^~~~~~~~~~~~
compilation terminated.
configure:20779: $? = 1
configure: failed program was:
| /* confdefs.h */
| #define PACKAGE_NAME "adept"
| #define PACKAGE_TARNAME "adept"
| #define PACKAGE_VERSION "2.1.1"
| #define PACKAGE_STRING "adept 2.1.1"
| #define PACKAGE_BUGREPORT "r.j.hogan@ecmwf.int"
| #define PACKAGE_URL "http://www.met.reading.ac.uk/clouds/adept/"
| #define PACKAGE "adept"
| #define VERSION "2.1.1"
| #define STDC_HEADERS 1
| #define HAVE_SYS_TYPES_H 1
| #define HAVE_SYS_STAT_H 1
| #define HAVE_STDLIB_H 1
| #define HAVE_STRING_H 1
| #define HAVE_MEMORY_H 1
| #define HAVE_STRINGS_H 1
| #define HAVE_INTTYPES_H 1
| #define HAVE_STDINT_H 1
| #define HAVE_UNISTD_H 1
| #define HAVE_DLFCN_H 1
| #define LT_OBJDIR ".libs/"
| #define HAVE_SYS_TIME_H 1
| #define HAVE_GETTIMEOFDAY 1
| #define HAVE_POW 1
| #define HAVE_SQRT 1
| /* end confdefs.h.  */
| #include <Sacado.hpp>
| #ifdef F77_DUMMY_MAIN
| 
| #  ifdef __cplusplus
|      extern "C"
| #  endif
|    int F77_DUMMY_MAIN() { return 1; }
| 
| #endif
| int
| main ()
| {
| Sacado::ELRFad::DFad<double> v = 1.0
|   ;
|   return 0;
| }
configure:20788: result: no
configure:20797: checking cppad/cppad.hpp usability
configure:20797: g++ -c -g -O2  conftest.cpp >&5
conftest.cpp:60:10: fatal error: cppad/cppad.hpp: No such file or directory
   60 | #include <cppad/cppad.hpp>
      |          ^~~~~~~~~~~~~~~~~
compilation terminated.
configure:20797: $? = 1
configure: failed program was:
| /* confdefs.h */
| #define PACKAGE_NAME "adept"
| #define PACKAGE_TARNAME "adept"
| #define PACKAGE_VERSION "2.1.1"
| #define PACKAGE_STRING "adept 2.1.1"
| #define PACKAGE_BUGREPORT "r.j.hogan@ecmwf.int"
| #define PACKAGE_URL "http://www.met.reading.ac.uk/clouds/adept/"
| #define PACKAGE "adept"
| #define VERSION "2.1.1"
| #define STDC_HEADERS 1
| #define HAVE_SYS_TYPES_H 1
| #define HAVE_SYS_STAT_H 1
| #define HAVE_STDLIB_H 1
| #define HAVE_STRING_H 1
| #define HAVE_MEMORY_H 1
| #define HAVE_STRINGS_H 1
| #define HAVE_INTTYPES_H 1
| #define HAVE_STDINT_H 1
| #define HAVE_UNISTD_H 1
| #define HAVE_DLFCN_H 1
| #define LT_OBJDIR ".libs/"
| #define HAVE_SYS_TIME_H 1
| #define HAVE_GETTIMEOFDAY 1
| #define HAVE_POW 1
| #define HAVE_SQRT 1
| /* end confdefs.h.  */
| #include <stdio.h>
| #ifdef HAVE_SYS_TYPES_H
| # include <sys/types.h>
| #endif
| #ifdef HAVE_SYS_STAT_H
| # include <sys/stat.h>
| #endif
| #ifdef STDC_HEADERS
| # include <stdlib.h>
| # include <stddef.h>
| #else
| # ifdef HAVE_STDLIB_H
| #  include <stdlib.h>
| # endif
| #endif
| #ifdef HAVE_STRING_H
| # if !defined STDC_HEADERS && defined HAVE_MEMORY_H
| #  include <memory.h>
| # endif
| # include <string.h>
| #endif
| #ifdef HAVE_STRINGS_H
| # include <strings.h>
| #endif
| #ifdef HAVE_INTTYPES_H
| # include <inttypes.h>
| #endif
| #ifdef HAVE_STDINT_H
| # include <stdint.h>
| #endif
| #ifdef HAVE_UNISTD_H
| # include <unistd.h>
| #endif
| #include <cppad/cppad.hpp>
configure:20797: result: no
configure:20797: checking cppad/cppad.hpp presence
configure:20797: g++ -E  conftest.cpp
conftest.cpp:27:10: fatal error: cppad/cppad.hpp: No such file or directory
   27 | #include <cppad/cppad.hpp>
      |          ^~~~~~~~~~~~~~~~~
compilation terminated.
configure:20797: $? = 1
configure: failed program was:
| /* confdefs.h */
| #define PACKAGE_NAME "adept"
| #define PACKAGE_TARNAME "adept"
| #define PACKAGE_VERSION "2.1.1"
| #define PACKAGE_STRING "adept 2.1.1"
| #define PACKAGE_BUGREPORT "r.j.hogan@ecmwf.int"
| #define PACKAGE_URL "http://www.met.reading.ac.uk/clouds/adept/"
| #define PACKAGE "adept"
| #define VERSION "2.1.1"
| #define STDC_HEADERS 1
| #define HAVE_SYS_TYPES_H 1
| #define HAVE_SYS_STAT_H 1
| #define HAVE_STDLIB_H 1
| #define HAVE_STRING_H 1
| #define HAVE_MEMORY_H 1
| #define HAVE_STRINGS_H 1
| #define HAVE_INTTYPES_H 1
| #define HAVE_STDINT_H 1
| #define HAVE_UNISTD_H 1
| #define HAVE_DLFCN_H 1
| #define LT_OBJDIR ".libs/"
| #define HAVE_SYS_TIME_H 1
| #define HAVE_GETTIMEOFDAY 1
| #define HAVE_POW 1
| #define HAVE_SQRT 1
| /* end confdefs.h.  */
| #include <cppad/cppad.hpp>
configure:20797: result: no
configure:20797: checking for cppad/cppad.hpp
configure:20797: result: no
configure:20940: checking that generated files are newer than configure
configure:20946: result: done
configure:20973: creating ./config.status

## ---------------------- ##
## Running config.status. ##
## ---------------------- ##

This file was extended by adept config.status 2.1.1, which was
generated by GNU Autoconf 2.69.  Invocation command line was

  CONFIG_FILES    = 
  CONFIG_HEADERS  = 
  CONFIG_LINKS    = 
  CONFIG_COMMANDS = 
  $ ./config.status 

on tom-NBLK-WAX9X

config.status:1215: creating Makefile
config.status:1215: creating makefile_include
config.status:1215: creating adept/Makefile
config.status:1215: creating include/Makefile
config.status:1215: creating benchmark/Makefile
config.status:1215: creating config.h
config.status:1215: creating config_platform_independent.h
config.status:1444: executing depfiles commands
config.status:1444: executing libtool commands
configure:23711: ********************* Summary **************************************
configure:23713:   CXX = g++ 
configure:23715:   CPPFLAGS = 
configure:23717:   CXXFLAGS = -g -O2 -fopenmp
configure:23719:   LDFLAGS =  
configure:23721:   LIBS =   
configure:23723: Typing "make; make install" will install Adept header files in ${prefix}/include
configure:23725: and the static and shared libraries as ${exec_prefix}/lib/libadept.*, where
configure:23727: prefix=/usr/local
configure:23729: ********************* Libraries used by Adept **********************
configure:23742: BLAS (Basic Linear Algebra Subprograms) will not be used: MATRIX MULTIPLICATION IS UNAVAILABLE
configure:23751: LAPACK (Linear Algebra Package) will not be used: LINEAR ALGEBRA ROUTINES ARE UNAVAILABLE
configure:23756: ********************* Libraries used by test programs **************
configure:23761: GNU Scientific Library (GSL) not found; Adept will compile all the
configure:23763: example programs except test/test_gsl_interface.
configure:23773: ********************* Benchmark program ****************************
configure:23775: The benchmarking program, "benchmark/advection_benchmark", will be
configure:23777: compiled with support for these automatic differentiation libraries:
configure:23779:    Adept: yes
configure:23787:    ADOLC: no
configure:23797:    CppAD: no
configure:23804:    Sacado: no
configure:23812: ********************* Top tips *************************************
configure:23814: To use a higher than default optimization level, call this configure
configure:23816: script with something like: ./configure "CXXFLAGS=-g -O3"
configure:23818: If you have libraries in non-standard locations, specify their location
configure:23820: by calling this script with something like:
configure:23822:   ./configure CPPFLAGS=-I/local/include LDFLAGS="-L/local/lib -Wl,-rpath,/local/lib"
configure:23824: The rpath argument is especially useful for locating the BLAS and LAPACK
configure:23826: libraries if they are in non-standard locations, so that executables
configure:23828: built with Adept do not need to use the LD_LIBRARY_PATH environment
configure:23830: variable to specify their locations at run-time.
configure:23832: ********************************************************************

## ---------------- ##
## Cache variables. ##
## ---------------- ##

ac_cv_build=x86_64-unknown-linux-gnu
ac_cv_c_compiler_gnu=yes
ac_cv_cxx_compiler_gnu=yes
ac_cv_env_CCC_set=
ac_cv_env_CCC_value=
ac_cv_env_CC_set=
ac_cv_env_CC_value=
ac_cv_env_CFLAGS_set=
ac_cv_env_CFLAGS_value=
ac_cv_env_CPPFLAGS_set=
ac_cv_env_CPPFLAGS_value=
ac_cv_env_CPP_set=
ac_cv_env_CPP_value=
ac_cv_env_CXXCPP_set=
ac_cv_env_CXXCPP_value=
ac_cv_env_CXXFLAGS_set=
ac_cv_env_CXXFLAGS_value=
ac_cv_env_CXX_set=
ac_cv_env_CXX_value=
ac_cv_env_F77_set=
ac_cv_env_F77_value=
ac_cv_env_FFLAGS_set=
ac_cv_env_FFLAGS_value=
ac_cv_env_LDFLAGS_set=
ac_cv_env_LDFLAGS_value=
ac_cv_env_LIBS_set=
ac_cv_env_LIBS_value=
ac_cv_env_build_alias_set=
ac_cv_env_build_alias_value=
ac_cv_env_host_alias_set=
ac_cv_env_host_alias_value=
ac_cv_env_target_alias_set=
ac_cv_env_target_alias_value=
ac_cv_f77_compiler_gnu=no
ac_cv_func_gettimeofday=yes
ac_cv_func_pow=yes
ac_cv_func_sqrt=yes
ac_cv_header_adolc_adolc_h=no
ac_cv_header_cppad_cppad_hpp=no
ac_cv_header_dlfcn_h=yes
ac_cv_header_inttypes_h=yes
ac_cv_header_memory_h=yes
ac_cv_header_stdc=yes
ac_cv_header_stdint_h=yes
ac_cv_header_stdlib_h=yes
ac_cv_header_string_h=yes
ac_cv_header_strings_h=yes
ac_cv_header_sys_stat_h=yes
ac_cv_header_sys_time_h=yes
ac_cv_header_sys_types_h=yes
ac_cv_header_unistd_h=yes
ac_cv_host=x86_64-unknown-linux-gnu
ac_cv_lib_adolc_tapestats=no
ac_cv_lib_gsl_gsl_multimin_fdfminimizer_alloc=no
ac_cv_objext=o
ac_cv_path_EGREP='/usr/bin/grep -E'
ac_cv_path_FGREP='/usr/bin/grep -F'
ac_cv_path_GREP=/usr/bin/grep
ac_cv_path_SED=/usr/bin/sed
ac_cv_path_install='/usr/bin/install -c'
ac_cv_path_mkdir=/usr/bin/mkdir
ac_cv_prog_AWK=gawk
ac_cv_prog_CPP='gcc -E'
ac_cv_prog_CXXCPP='g++ -E'
ac_cv_prog_ac_ct_AR=ar
ac_cv_prog_ac_ct_CC=gcc
ac_cv_prog_ac_ct_CXX=g++
ac_cv_prog_ac_ct_MANIFEST_TOOL=mt
ac_cv_prog_ac_ct_OBJDUMP=objdump
ac_cv_prog_ac_ct_RANLIB=ranlib
ac_cv_prog_ac_ct_STRIP=strip
ac_cv_prog_cc_c89=
ac_cv_prog_cc_g=yes
ac_cv_prog_cxx_g=yes
ac_cv_prog_cxx_openmp=-fopenmp
ac_cv_prog_f77_g=no
ac_cv_prog_make_make_set=yes
am_cv_CC_dependencies_compiler_type=gcc3
am_cv_CXX_dependencies_compiler_type=gcc3
am_cv_ar_interface=ar
am_cv_make_support_nested_variables=yes
lt_cv_ar_at_file=@
lt_cv_archive_cmds_need_lc=no
lt_cv_deplibs_check_method=pass_all
lt_cv_file_magic_cmd='$MAGIC_CMD'
lt_cv_file_magic_test_file=
lt_cv_ld_reload_flag=-r
lt_cv_nm_interface='BSD nm'
lt_cv_objdir=.libs
lt_cv_path_LD=/usr/bin/ld
lt_cv_path_LDCXX='/usr/bin/ld -m elf_x86_64'
lt_cv_path_NM='/usr/bin/nm -B'
lt_cv_path_mainfest_tool=no
lt_cv_prog_compiler_c_o=yes
lt_cv_prog_compiler_c_o_CXX=yes
lt_cv_prog_compiler_pic='-fPIC -DPIC'
lt_cv_prog_compiler_pic_CXX='-fPIC -DPIC'
lt_cv_prog_compiler_pic_works=yes
lt_cv_prog_compiler_pic_works_CXX=yes
lt_cv_prog_compiler_rtti_exceptions=no
lt_cv_prog_compiler_static_works=yes
lt_cv_prog_compiler_static_works_CXX=yes
lt_cv_prog_gnu_ld=yes
lt_cv_prog_gnu_ldcxx=yes
lt_cv_sharedlib_from_linklib_cmd='printf %s\n'
lt_cv_shlibpath_overrides_runpath=yes
lt_cv_sys_global_symbol_pipe='sed -n -e '\''s/^.*[	 ]\([ABCDGIRSTW][ABCDGIRSTW]*\)[	 ][	 ]*\([_A-Za-z][_A-Za-z0-9]*\)$/\1 \2 \2/p'\'' | sed '\''/ __gnu_lto/d'\'''
lt_cv_sys_global_symbol_to_c_name_address='sed -n -e '\''s/^: \([^ ]*\)[ ]*$/  {\"\1\", (void *) 0},/p'\'' -e '\''s/^[ABCDGIRSTW]* \([^ ]*\) \([^ ]*\)$/  {"\2", (void *) \&\2},/p'\'''
lt_cv_sys_global_symbol_to_c_name_address_lib_prefix='sed -n -e '\''s/^: \([^ ]*\)[ ]*$/  {\"\1\", (void *) 0},/p'\'' -e '\''s/^[ABCDGIRSTW]* \([^ ]*\) \(lib[^ ]*\)$/  {"\2", (void *) \&\2},/p'\'' -e '\''s/^[ABCDGIRSTW]* \([^ ]*\) \([^ ]*\)$/  {"lib\2", (void *) \&\2},/p'\'''
lt_cv_sys_global_symbol_to_cdecl='sed -n -e '\''s/^T .* \(.*\)$/extern int \1();/p'\'' -e '\''s/^[ABCDGIRSTW]* .* \(.*\)$/extern char \1;/p'\'''
lt_cv_sys_max_cmd_len=1572864
lt_cv_to_host_file_cmd=func_convert_file_noop
lt_cv_to_tool_file_cmd=func_convert_file_noop

## ----------------- ##
## Output variables. ##
## ----------------- ##

ACLOCAL='aclocal-1.13'
AMDEPBACKSLASH='\'
AMDEP_FALSE='#'
AMDEP_TRUE=''
AMTAR='$${TAR-tar}'
AM_BACKSLASH='\'
AM_CXXFLAGS='-fopenmp'
AM_DEFAULT_V='$(AM_DEFAULT_VERBOSITY)'
AM_DEFAULT_VERBOSITY='1'
AM_V='$(V)'
AR='ar'
AUTOCONF='autoconf'
AUTOHEADER='autoheader'
AUTOMAKE='automake-1.13'
AWK='gawk'
BLAS_LIBS=''
CC='gcc'
CCDEPMODE='depmode=gcc3'
CFLAGS='-g -O2'
CPP='gcc -E'
CPPFLAGS=''
CXX='g++'
CXXCPP='g++ -E'
CXXDEPMODE='depmode=gcc3'
CXXFLAGS='-g -O2'
CYGPATH_W='echo'
DEFS='-DHAVE_CONFIG_H'
DEPDIR='.deps'
DLLTOOL='false'
DSYMUTIL=''
DUMPBIN=''
ECHO_C=''
ECHO_N='-n'
ECHO_T=''
EGREP='/usr/bin/grep -E'
EXEEXT=''
F77=''
FFLAGS=''
FGREP='/usr/bin/grep -F'
FLIBS=''
GREP='/usr/bin/grep'
INSTALL_DATA='${INSTALL} -m 644'
INSTALL_PROGRAM='${INSTALL}'
INSTALL_SCRIPT='${INSTALL}'
INSTALL_STRIP_PROGRAM='$(install_sh) -c -s'
LAPACK_LIBS=''
LD='/usr/bin/ld -m elf_x86_64'
LDFLAGS=''
LIBOBJS=''
LIBS='  '
LIBTOOL='$(SHELL) $(top_builddir)/libtool'
LIPO=''
LN_S='ln -s'
LTLIBOBJS=''
MAKEINFO='makeinfo'
MANIFEST_TOOL=':'
MKDIR_P='/usr/bin/mkdir -p'
NM='/usr/bin/nm -B'
NMEDIT=''
OBJDUMP='objdump'
OBJEXT='o'
OPENMP_CXXFLAGS='-fopenmp'
OTOOL64=''
OTOOL=''
PACKAGE='adept'
PACKAGE_BUGREPORT='r.j.hogan@ecmwf.int'
PACKAGE_NAME='adept'
PACKAGE_STRING='adept 2.1.1'
PACKAGE_TARNAME='adept'
PACKAGE_URL='http://www.met.reading.ac.uk/clouds/adept/'
PACKAGE_VERSION='2.1.1'
PATH_SEPARATOR=':'
RANLIB='ranlib'
SED='/usr/bin/sed'
SET_MAKE=''
SHELL='/bin/bash'
STRIP='strip'
USE_GSL='no'
VERSION='2.1.1'
ac_ct_AR='ar'
ac_ct_CC='gcc'
ac_ct_CXX='g++'
ac_ct_DUMPBIN=''
ac_ct_F77=''
am__EXEEXT_FALSE=''
am__EXEEXT_TRUE='#'
am__fastdepCC_FALSE='#'
am__fastdepCC_TRUE=''
am__fastdepCXX_FALSE='#'
am__fastdepCXX_TRUE=''
am__include='include'
am__isrc=''
am__leading_dot='.'
am__nodep='_no'
am__quote=''
am__tar='$${TAR-tar} chof - "$$tardir"'
am__untar='$${TAR-tar} xf -'
bindir='${exec_prefix}/bin'
build='x86_64-unknown-linux-gnu'
build_alias=''
build_cpu='x86_64'
build_os='linux-gnu'
build_vendor='unknown'
datadir='${datarootdir}'
datarootdir='${prefix}/share'
docdir='${datarootdir}/doc/${PACKAGE_TARNAME}'
dvidir='${docdir}'
exec_prefix='${prefix}'
host='x86_64-unknown-linux-gnu'
host_alias=''
host_cpu='x86_64'
host_os='linux-gnu'
host_vendor='unknown'
htmldir='${docdir}'
includedir='${prefix}/include'
infodir='${datarootdir}/info'
install_sh='${SHELL} /home/tom/Downloads/adept-2.1.1/install-sh'
libdir='${exec_prefix}/lib'
libexecdir='${exec_prefix}/libexec'
localedir='${datarootdir}/locale'
localstatedir='${prefix}/var'
mandir='${datarootdir}/man'
mkdir_p='$(MKDIR_P)'
oldincludedir='/usr/include'
pdfdir='${docdir}'
prefix='/usr/local'
program_transform_name='s,x,x,'
psdir='${docdir}'
sbindir='${exec_prefix}/sbin'
sharedstatedir='${prefix}/com'
sysconfdir='${prefix}/etc'
target_alias=''

## ----------- ##
## confdefs.h. ##
## ----------- ##

/* confdefs.h */
#define PACKAGE_NAME "adept"
#define PACKAGE_TARNAME "adept"
#define PACKAGE_VERSION "2.1.1"
#define PACKAGE_STRING "adept 2.1.1"
#define PACKAGE_BUGREPORT "r.j.hogan@ecmwf.int"
#define PACKAGE_URL "http://www.met.reading.ac.uk/clouds/adept/"
#define PACKAGE "adept"
#define VERSION "2.1.1"
#define STDC_HEADERS 1
#define HAVE_SYS_TYPES_H 1
#define HAVE_SYS_STAT_H 1
#define HAVE_STDLIB_H 1
#define HAVE_STRING_H 1
#define HAVE_MEMORY_H 1
#define HAVE_STRINGS_H 1
#define HAVE_INTTYPES_H 1
#define HAVE_STDINT_H 1
#define HAVE_UNISTD_H 1
#define HAVE_DLFCN_H 1
#define LT_OBJDIR ".libs/"
#define HAVE_SYS_TIME_H 1
#define HAVE_GETTIMEOFDAY 1
#define HAVE_POW 1
#define HAVE_SQRT 1
#define CXX "g++"
#define CXXFLAGS "-g -O2"
#define BLAS_LIBS ""

configure: exit 0
